<?xml version="1.0" encoding="UTF-8"?>
<testsuite xmlns:xsi="http://www.w3.org/2001/XMLSchema-instance" xsi:noNamespaceSchemaLocation="https://maven.apache.org/surefire/maven-surefire-plugin/xsd/surefire-test-report-3.0.xsd" version="3.0" name="com.eazybytes.cards.CardsApplicationTests" time="5.865" tests="1" errors="0" skipped="0" failures="0">
  <properties>
[...]
</properties>
  <testcase name="contextLoads" classname="com.eazybytes.cards.CardsApplicationTests" time="0.452">
    <system-out><![CDATA[00:03:24.286 [main] INFO org.springframework.test.context.support.AnnotationConfigContextLoaderUtils -- Could not detect default configuration classes for test class [com.eazybytes.cards.CardsApplicationTests]: CardsApplicationTests does not declare any static, non-private, non-final, nested classes annotated with @Configuration.
00:03:24.395 [main] INFO org.springframework.boot.test.context.SpringBootTestContextBootstrapper -- Found @SpringBootConfiguration com.eazybytes.cards.CardsApplication for test class com.eazybytes.cards.CardsApplicationTests

  .   ____          _            __ _ _
 /\\ / ___'_ __ _ _(_)_ __  __ _ \ \ \ \
( ( )\___ | '_ | '_| | '_ \/ _` | \ \ \ \
 \\/  ___)| |_)| | | | | || (_| |  ) ) ) )
  '  |____| .__|_| |_|_| |_\__, | / / / /
 =========|_|==============|___/=/_/_/_/

 :: Spring Boot ::                (v3.3.2)

2025-01-21T00:03:24.783+05:30  INFO 31400 --- [           main] c.eazybytes.cards.CardsApplicationTests  : Starting CardsApplicationTests using Java 21.0.5 with PID 31400 (started by princ in C:\tutorial\udemy_projects\microservice_learning\cards)
2025-01-21T00:03:24.784+05:30  INFO 31400 --- [           main] c.eazybytes.cards.CardsApplicationTests  : No active profile set, falling back to 1 default profile: "default"
2025-01-21T00:03:25.738+05:30  INFO 31400 --- [           main] .s.d.r.c.RepositoryConfigurationDelegate : Bootstrapping Spring Data JPA repositories in DEFAULT mode.
2025-01-21T00:03:25.805+05:30  INFO 31400 --- [           main] .s.d.r.c.RepositoryConfigurationDelegate : Finished Spring Data repository scanning in 57 ms. Found 1 JPA repository interface.
2025-01-21T00:03:26.375+05:30  INFO 31400 --- [           main] com.zaxxer.hikari.HikariDataSource       : HikariPool-1 - Starting...
2025-01-21T00:03:26.517+05:30  INFO 31400 --- [           main] com.zaxxer.hikari.pool.HikariPool        : HikariPool-1 - Added connection conn0: url=jdbc:h2:mem:testdb user=SA
2025-01-21T00:03:26.519+05:30  INFO 31400 --- [           main] com.zaxxer.hikari.HikariDataSource       : HikariPool-1 - Start completed.
2025-01-21T00:03:26.632+05:30  INFO 31400 --- [           main] o.hibernate.jpa.internal.util.LogHelper  : HHH000204: Processing PersistenceUnitInfo [name: default]
2025-01-21T00:03:26.689+05:30  INFO 31400 --- [           main] org.hibernate.Version                    : HHH000412: Hibernate ORM core version 6.5.2.Final
2025-01-21T00:03:26.715+05:30  INFO 31400 --- [           main] o.h.c.internal.RegionFactoryInitiator    : HHH000026: Second-level cache disabled
2025-01-21T00:03:26.975+05:30  INFO 31400 --- [           main] o.s.o.j.p.SpringPersistenceUnitInfo      : No LoadTimeWeaver setup: ignoring JPA class transformer
2025-01-21T00:03:27.020+05:30  WARN 31400 --- [           main] org.hibernate.orm.deprecation            : HHH90000025: H2Dialect does not need to be specified explicitly using 'hibernate.dialect' (remove the property setting and it will be selected by default)
2025-01-21T00:03:27.747+05:30  INFO 31400 --- [           main] o.h.e.t.j.p.i.JtaPlatformInitiator       : HHH000489: No JTA platform available (set 'hibernate.transaction.jta.platform' to enable JTA platform integration)
Hibernate: alter table if exists cards alter column card_id set data type bigint
Hibernate: alter table if exists cards alter column created_at set data type timestamp(6)
Hibernate: alter table if exists cards alter column created_by set data type varchar(255)
Hibernate: alter table if exists cards alter column updated_at set data type timestamp(6)
Hibernate: alter table if exists cards alter column updated_by set data type varchar(255)
Hibernate: alter table if exists cards alter column card_number set data type varchar(255)
Hibernate: alter table if exists cards alter column card_type set data type varchar(255)
Hibernate: alter table if exists cards alter column mobile_number set data type varchar(255)
2025-01-21T00:03:27.796+05:30  INFO 31400 --- [           main] j.LocalContainerEntityManagerFactoryBean : Initialized JPA EntityManagerFactory for persistence unit 'default'
2025-01-21T00:03:28.462+05:30  WARN 31400 --- [           main] JpaBaseConfiguration$JpaWebConfiguration : spring.jpa.open-in-view is enabled by default. Therefore, database queries may be performed during view rendering. Explicitly configure spring.jpa.open-in-view to disable this warning
2025-01-21T00:03:29.315+05:30  INFO 31400 --- [           main] o.s.b.a.h2.H2ConsoleAutoConfiguration    : H2 console available at '/h2-console'. Database available at 'jdbc:h2:mem:testdb'
2025-01-21T00:03:29.360+05:30  INFO 31400 --- [           main] o.s.b.a.e.web.EndpointLinksResolver      : Exposing 1 endpoint beneath base path '/actuator'
2025-01-21T00:03:29.433+05:30  INFO 31400 --- [           main] c.eazybytes.cards.CardsApplicationTests  : Started CardsApplicationTests in 4.894 seconds (process running for 5.793)
]]></system-out>
    <system-err><![CDATA[WARNING: A Java agent has been loaded dynamically (C:\Users\princ\.m2\repository\net\bytebuddy\byte-buddy-agent\1.14.18\byte-buddy-agent-1.14.18.jar)
WARNING: If a serviceability tool is in use, please run with -XX:+EnableDynamicAgentLoading to hide this warning
WARNING: If a serviceability tool is not in use, please run with -Djdk.instrument.traceUsage for more information
WARNING: Dynamic loading of agents will be disallowed by default in a future release
]]></system-err>
  </testcase>
</testsuite>